<?xml version="1.0" encoding="UTF-8"?>
<testsuite xmlns:xsi="http://www.w3.org/2001/XMLSchema-instance" xsi:noNamespaceSchemaLocation="https://maven.apache.org/surefire/maven-surefire-plugin/xsd/surefire-test-report.xsd" name="user.UserTest" time="9.134" tests="10" errors="0" skipped="0" failures="0">
  <properties>
[...]
</properties>
  <testcase name="createUserWithoutEmailTest" classname="user.UserTest" time="0.419"/>
  <testcase name="changeUserFieldsUnSuccessfully" classname="user.UserTest" time="1.237"/>
  <testcase name="changeUserFieldsSuccessfully" classname="user.UserTest" time="1.201"/>
  <testcase name="logInWithWrongPassword" classname="user.UserTest" time="1.148"/>
  <testcase name="createRegisteredUserTest" classname="user.UserTest" time="1.053"/>
  <testcase name="createUserTest" classname="user.UserTest" time="0.697"/>
  <testcase name="createUserWithoutPasswordTest" classname="user.UserTest" time="0.412"/>
  <testcase name="logInSuccessfullyTest" classname="user.UserTest" time="1.164"/>
  <testcase name="createWithoutNameTest" classname="user.UserTest" time="0.468"/>
  <testcase name="logInWithWrongEmail" classname="user.UserTest" time="1.282"/>
</testsuite>